{
  "RSpec": {
    "coverage": {
      "/Users/whitney/Desktop/turing/4_module/projects/pairr_programming/app/helpers/application_helper.rb": [
        1,
        null
      ],
      "/Users/whitney/Desktop/turing/4_module/projects/pairr_programming/app/helpers/dashboard_helper.rb": [
        1,
        null
      ],
      "/Users/whitney/Desktop/turing/4_module/projects/pairr_programming/app/helpers/friendships_helper.rb": [
        1,
        null
      ],
      "/Users/whitney/Desktop/turing/4_module/projects/pairr_programming/app/helpers/home_helper.rb": [
        1,
        null
      ],
      "/Users/whitney/Desktop/turing/4_module/projects/pairr_programming/app/helpers/sessions_helper.rb": [
        1,
        null
      ],
      "/Users/whitney/Desktop/turing/4_module/projects/pairr_programming/app/helpers/users_helper.rb": [
        1,
        null
      ],
      "/Users/whitney/Desktop/turing/4_module/projects/pairr_programming/app/controllers/dashboard_controller.rb": [
        1,
        1,
        null,
        1,
        12,
        null,
        null,
        null
      ],
      "/Users/whitney/Desktop/turing/4_module/projects/pairr_programming/app/controllers/application_controller.rb": [
        1,
        null,
        null,
        1,
        null,
        1,
        null,
        1,
        207,
        null,
        null,
        null,
        1,
        31,
        30,
        null,
        1,
        null,
        null,
        null,
        1,
        31,
        1,
        1,
        1,
        null,
        null,
        null,
        null,
        null,
        null,
        null,
        null,
        null,
        null,
        null,
        null
      ],
      "/Users/whitney/Desktop/turing/4_module/projects/pairr_programming/app/controllers/friendships_controller.rb": [
        1,
        1,
        1,
        1,
        null,
        1,
        1,
        1,
        null,
        1,
        1,
        null,
        1,
        null,
        null,
        1,
        0,
        0,
        null,
        0,
        null,
        0,
        null,
        null,
        null,
        1,
        0,
        0,
        null,
        0,
        null,
        null,
        null,
        null,
        0,
        null,
        0,
        null,
        null,
        1,
        null,
        1,
        1,
        null,
        null,
        1,
        1,
        null,
        null
      ],
      "/Users/whitney/Desktop/turing/4_module/projects/pairr_programming/app/controllers/home_controller.rb": [
        1,
        null,
        1,
        null,
        null,
        null
      ],
      "/Users/whitney/Desktop/turing/4_module/projects/pairr_programming/app/controllers/sessions_controller.rb": [
        1,
        null,
        1,
        11,
        null,
        11,
        9,
        9,
        9,
        2,
        2,
        2,
        null,
        0,
        null,
        null,
        null,
        1,
        1,
        1,
        null,
        null,
        1,
        4,
        4,
        4,
        null,
        null,
        1,
        null,
        1,
        11,
        null,
        null,
        1,
        11,
        null,
        null,
        null
      ],
      "/Users/whitney/Desktop/turing/4_module/projects/pairr_programming/app/controllers/users_controller.rb": [
        1,
        1,
        1,
        null,
        1,
        null,
        null,
        1,
        null,
        null,
        1,
        8,
        7,
        null,
        1,
        1,
        null,
        null,
        null,
        1,
        null,
        1,
        8,
        null,
        null,
        1,
        17,
        null,
        null,
        null
      ],
      "/Users/whitney/Desktop/turing/4_module/projects/pairr_programming/app/models/language.rb": [
        1,
        null,
        1,
        1,
        null,
        null
      ],
      "/Users/whitney/Desktop/turing/4_module/projects/pairr_programming/app/models/rejected.rb": [
        1,
        1,
        1,
        null
      ],
      "/Users/whitney/Desktop/turing/4_module/projects/pairr_programming/app/models/user_language.rb": [
        1,
        1,
        1,
        null,
        null
      ],
      "/Users/whitney/Desktop/turing/4_module/projects/pairr_programming/app/models/user.rb": [
        1,
        1,
        null,
        1,
        1,
        null,
        1,
        null,
        1,
        1,
        1,
        null,
        1,
        12,
        2,
        null,
        10,
        null,
        null,
        null,
        null,
        null,
        null,
        null,
        null,
        null,
        null,
        null,
        null,
        null,
        null,
        null,
        1,
        null,
        1,
        8,
        1,
        null,
        null,
        null,
        null,
        null,
        null,
        null,
        null
      ]
    },
    "timestamp": 1443479382
  }
}
